
Showing logs for build [32mcb-kubecd-bdd-spring-1581634287-b7lkp-1[0m stage [32mfrom-build-pack[0m and container [32mstep-credential-initializer-l9fcq[0m
{"level":"warn","ts":1581635161.9595509,"logger":"fallback-logger","caller":"logging/config.go:69","msg":"Fetch GitHub commit ID from kodata failed: \"ref: refs/heads/0.8.0-**-support-backwards-incompats\" is not a valid GitHub commit ID"}
{"level":"info","ts":1581635161.960394,"logger":"fallback-logger","caller":"creds-init/main.go:40","msg":"Credentials initialized."}

Showing logs for build [32mcb-kubecd-bdd-spring-1581634287-b7lkp-1[0m stage [32mfrom-build-pack[0m and container [32mstep-working-dir-initializer-d7n4r[0m
{"level":"warn","ts":1581635163.0706184,"logger":"fallback-logger","caller":"logging/config.go:69","msg":"Fetch GitHub commit ID from kodata failed: open /var/run/ko/HEAD: no such file or directory"}
{"level":"info","ts":1581635163.0725234,"logger":"fallback-logger","caller":"bash/main.go:64","msg":"Successfully executed command \"sh -c mkdir -p /workspace/source\"; output "}

Showing logs for build [32mcb-kubecd-bdd-spring-1581634287-b7lkp-1[0m stage [32mfrom-build-pack[0m and container [32mstep-place-tools[0m

Showing logs for build [32mcb-kubecd-bdd-spring-1581634287-b7lkp-1[0m stage [32mfrom-build-pack[0m and container [32mstep-git-source-cb-kubecd-bdd-spring-1581634287-b7lkp-fjr9t[0m
{"level":"warn","ts":1581635173.053442,"logger":"fallback-logger","caller":"logging/config.go:69","msg":"Fetch GitHub commit ID from kodata failed: \"ref: refs/heads/0.8.0-**-support-backwards-incompats\" is not a valid GitHub commit ID"}
{"level":"info","ts":1581635174.24391,"logger":"fallback-logger","caller":"git/git.go:103","msg":"Successfully cloned https://github.com/cb-kubecd/bdd-spring-1581634287.git @ master in path /workspace/source"}

Showing logs for build [32mcb-kubecd-bdd-spring-1581634287-b7lkp-1[0m stage [32mfrom-build-pack[0m and container [32mstep-git-merge[0m
Using SHAs from PULL_REFS=master:0b3551533d54c09274b16439a32d4cf662635e8f,1:d0bdb124dc4dc533ce9ef13c06b072393c4a8721
DEBUG: LC_ALL=C JX_LOG_LEVEL=error git fetch origin --unshallow d0bdb124dc4dc533ce9ef13c06b072393c4a8721: 0b3551533d54c09274b16439a32d4cf662635e8f:
DEBUG: ran git fetch --unshallow origin d0bdb124dc4dc533ce9ef13c06b072393c4a8721: 0b3551533d54c09274b16439a32d4cf662635e8f: in 
DEBUG: JX_LOG_LEVEL=error LC_ALL=C git branch
DEBUG: LC_ALL=C JX_LOG_LEVEL=error git checkout master
DEBUG: ran git checkout master in 
DEBUG: LC_ALL=C JX_LOG_LEVEL=error git reset --hard 0b3551533d54c09274b16439a32d4cf662635e8f
DEBUG: ran git reset --hard 0b3551533d54c09274b16439a32d4cf662635e8f in 
DEBUG: LC_ALL=C JX_LOG_LEVEL=error git clean -fd .
DEBUG: ran clean --force -d . in 
DEBUG: LC_ALL=C JX_LOG_LEVEL=error git merge d0bdb124dc4dc533ce9ef13c06b072393c4a8721
DEBUG: ran git merge d0bdb124dc4dc533ce9ef13c06b072393c4a8721 in 
DEBUG: LC_ALL=C JX_LOG_LEVEL=error git log --format=%H%x1f%an%x1f%ae%x1f%cn%x1f%ce%x1f%s%n%b%x1e 0b3551533d54c09274b16439a32d4cf662635e8f..HEAD
Merged SHA d0bdb124dc4dc533ce9ef13c06b072393c4a8721 with commit message 'My first PR commit' into base branch master

Showing logs for build [32mcb-kubecd-bdd-spring-1581634287-b7lkp-1[0m stage [32mfrom-build-pack[0m and container [32mstep-build-set-version[0m
Picked up _JAVA_OPTIONS: -XX:+UnlockExperimentalVMOptions -XX:+UseCGroupMemoryLimitForHeap -Dsun.zip.disableMemoryMapping=true -XX:+UseParallelGC -XX:MinHeapFreeRatio=5 -XX:MaxHeapFreeRatio=10 -XX:GCTimeRatio=4 -XX:AdaptiveSizePolicyWeight=90 -Xms10m -Xmx192m
OpenJDK 64-Bit Server VM warning: If the number of processors is expected to increase from one, then you should configure the number of parallel GC threads appropriately using -XX:ParallelGCThreads=N
[INFO] Scanning for projects...
[INFO] 
[INFO] -----------------< com.example:bdd-spring-1581634287 >------------------
[INFO] Building demo 0.0.1-SNAPSHOT
[INFO] --------------------------------[ jar ]---------------------------------
[INFO] 
[INFO] --- versions-maven-plugin:2.7:set (default-cli) @ bdd-spring-1581634287 ---
[INFO] Searching for local aggregator root...
[INFO] Local aggregation root: /workspace/source
[INFO] Processing change of com.example:bdd-spring-1581634287:0.0.1-SNAPSHOT -> 0.0.0-SNAPSHOT-PR-1-1
[INFO] Processing com.example:bdd-spring-1581634287
[INFO]     Updating project com.example:bdd-spring-1581634287
[INFO]         from version 0.0.1-SNAPSHOT to 0.0.0-SNAPSHOT-PR-1-1
[INFO] 
[INFO] ------------------------------------------------------------------------
[INFO] BUILD SUCCESS
[INFO] ------------------------------------------------------------------------
[INFO] Total time:  20.776 s
[INFO] Finished at: 2020-02-13T23:06:39Z
[INFO] ------------------------------------------------------------------------

Showing logs for build [32mcb-kubecd-bdd-spring-1581634287-b7lkp-1[0m stage [32mfrom-build-pack[0m and container [32mstep-build-mvn-install[0m
Picked up _JAVA_OPTIONS: -XX:+UnlockExperimentalVMOptions -XX:+UseCGroupMemoryLimitForHeap -Dsun.zip.disableMemoryMapping=true -XX:+UseParallelGC -XX:MinHeapFreeRatio=5 -XX:MaxHeapFreeRatio=10 -XX:GCTimeRatio=4 -XX:AdaptiveSizePolicyWeight=90 -Xms10m -Xmx192m
OpenJDK 64-Bit Server VM warning: If the number of processors is expected to increase from one, then you should configure the number of parallel GC threads appropriately using -XX:ParallelGCThreads=N
[INFO] Scanning for projects...
[INFO] 
[INFO] -----------------< com.example:bdd-spring-1581634287 >------------------
[INFO] Building demo 0.0.0-SNAPSHOT-PR-1-1
[INFO] --------------------------------[ jar ]---------------------------------
[INFO] 
[INFO] --- maven-resources-plugin:3.1.0:resources (default-resources) @ bdd-spring-1581634287 ---
[INFO] Using 'UTF-8' encoding to copy filtered resources.
[INFO] Copying 1 resource
[INFO] Copying 0 resource
[INFO] 
[INFO] --- maven-compiler-plugin:3.8.1:compile (default-compile) @ bdd-spring-1581634287 ---
[INFO] Changes detected - recompiling the module!
[INFO] Compiling 1 source file to /workspace/source/target/classes
[INFO] 
[INFO] --- maven-resources-plugin:3.1.0:testResources (default-testResources) @ bdd-spring-1581634287 ---
[INFO] Using 'UTF-8' encoding to copy filtered resources.
[INFO] skip non existing resourceDirectory /workspace/source/src/test/resources
[INFO] 
[INFO] --- maven-compiler-plugin:3.8.1:testCompile (default-testCompile) @ bdd-spring-1581634287 ---
[INFO] Changes detected - recompiling the module!
[INFO] Compiling 1 source file to /workspace/source/target/test-classes
[INFO] 
[INFO] --- maven-surefire-plugin:3.0.0-M1:test (default-test) @ bdd-spring-1581634287 ---
[INFO] 
[INFO] -------------------------------------------------------
[INFO]  T E S T S
[INFO] -------------------------------------------------------
[INFO] Running com.example.bddspring1581634287.DemoApplicationTests
23:07:02.935 [main] DEBUG org.springframework.test.context.BootstrapUtils - Instantiating CacheAwareContextLoaderDelegate from class [org.springframework.test.context.cache.DefaultCacheAwareContextLoaderDelegate]
23:07:03.007 [main] DEBUG org.springframework.test.context.BootstrapUtils - Instantiating BootstrapContext using constructor [public org.springframework.test.context.support.DefaultBootstrapContext(java.lang.Class,org.springframework.test.context.CacheAwareContextLoaderDelegate)]
23:07:03.125 [main] DEBUG org.springframework.test.context.BootstrapUtils - Instantiating TestContextBootstrapper for test class [com.example.bddspring1581634287.DemoApplicationTests] from class [org.springframework.boot.test.context.SpringBootTestContextBootstrapper]
23:07:03.160 [main] INFO org.springframework.boot.test.context.SpringBootTestContextBootstrapper - Neither @ContextConfiguration nor @ContextHierarchy found for test class [com.example.bddspring1581634287.DemoApplicationTests], using SpringBootContextLoader
23:07:03.171 [main] DEBUG org.springframework.test.context.support.AbstractContextLoader - Did not detect default resource location for test class [com.example.bddspring1581634287.DemoApplicationTests]: class path resource [com/example/bddspring1581634287/DemoApplicationTests-context.xml] does not exist
23:07:03.171 [main] DEBUG org.springframework.test.context.support.AbstractContextLoader - Did not detect default resource location for test class [com.example.bddspring1581634287.DemoApplicationTests]: class path resource [com/example/bddspring1581634287/DemoApplicationTestsContext.groovy] does not exist
23:07:03.171 [main] INFO org.springframework.test.context.support.AbstractContextLoader - Could not detect default resource locations for test class [com.example.bddspring1581634287.DemoApplicationTests]: no resource found for suffixes {-context.xml, Context.groovy}.
23:07:03.172 [main] INFO org.springframework.test.context.support.AnnotationConfigContextLoaderUtils - Could not detect default configuration classes for test class [com.example.bddspring1581634287.DemoApplicationTests]: DemoApplicationTests does not declare any static, non-private, non-final, nested classes annotated with @Configuration.
23:07:03.310 [main] DEBUG org.springframework.test.context.support.ActiveProfilesUtils - Could not find an 'annotation declaring class' for annotation type [org.springframework.test.context.ActiveProfiles] and class [com.example.bddspring1581634287.DemoApplicationTests]
23:07:03.433 [main] DEBUG org.springframework.context.annotation.ClassPathScanningCandidateComponentProvider - Identified candidate component class: file [/workspace/source/target/classes/com/example/bddspring1581634287/DemoApplication.class]
23:07:03.445 [main] INFO org.springframework.boot.test.context.SpringBootTestContextBootstrapper - Found @SpringBootConfiguration com.example.bddspring1581634287.DemoApplication for test class com.example.bddspring1581634287.DemoApplicationTests
23:07:03.725 [main] DEBUG org.springframework.boot.test.context.SpringBootTestContextBootstrapper - @TestExecutionListeners is not present for class [com.example.bddspring1581634287.DemoApplicationTests]: using defaults.
23:07:03.728 [main] INFO org.springframework.boot.test.context.SpringBootTestContextBootstrapper - Loaded default TestExecutionListener class names from location [META-INF/spring.factories]: [org.springframework.boot.test.mock.mockito.MockitoTestExecutionListener, org.springframework.boot.test.mock.mockito.ResetMocksTestExecutionListener, org.springframework.boot.test.autoconfigure.restdocs.RestDocsTestExecutionListener, org.springframework.boot.test.autoconfigure.web.client.MockRestServiceServerResetTestExecutionListener, org.springframework.boot.test.autoconfigure.web.servlet.MockMvcPrintOnlyOnFailureTestExecutionListener, org.springframework.boot.test.autoconfigure.web.servlet.WebDriverTestExecutionListener, org.springframework.test.context.web.ServletTestExecutionListener, org.springframework.test.context.support.DirtiesContextBeforeModesTestExecutionListener, org.springframework.test.context.support.DependencyInjectionTestExecutionListener, org.springframework.test.context.support.DirtiesContextTestExecutionListener, org.springframework.test.context.transaction.TransactionalTestExecutionListener, org.springframework.test.context.jdbc.SqlScriptsTestExecutionListener, org.springframework.test.context.event.EventPublishingTestExecutionListener]
23:07:03.808 [main] DEBUG org.springframework.boot.test.context.SpringBootTestContextBootstrapper - Skipping candidate TestExecutionListener [org.springframework.test.context.transaction.TransactionalTestExecutionListener] due to a missing dependency. Specify custom listener classes or make the default listener classes and their required dependencies available. Offending class: [org/springframework/transaction/TransactionDefinition]
23:07:03.820 [main] DEBUG org.springframework.boot.test.context.SpringBootTestContextBootstrapper - Skipping candidate TestExecutionListener [org.springframework.test.context.jdbc.SqlScriptsTestExecutionListener] due to a missing dependency. Specify custom listener classes or make the default listener classes and their required dependencies available. Offending class: [org/springframework/transaction/interceptor/TransactionAttribute]
23:07:03.824 [main] INFO org.springframework.boot.test.context.SpringBootTestContextBootstrapper - Using TestExecutionListeners: [org.springframework.test.context.web.ServletTestExecutionListener@67c33749, org.springframework.test.context.support.DirtiesContextBeforeModesTestExecutionListener@fba92d3, org.springframework.boot.test.mock.mockito.MockitoTestExecutionListener@662b4c69, org.springframework.boot.test.autoconfigure.SpringBootDependencyInjectionTestExecutionListener@fa49800, org.springframework.test.context.support.DirtiesContextTestExecutionListener@71238fc2, org.springframework.test.context.event.EventPublishingTestExecutionListener@2a54a73f, org.springframework.boot.test.mock.mockito.ResetMocksTestExecutionListener@16a0ee18, org.springframework.boot.test.autoconfigure.restdocs.RestDocsTestExecutionListener@3d6f0054, org.springframework.boot.test.autoconfigure.web.client.MockRestServiceServerResetTestExecutionListener@505fc5a4, org.springframework.boot.test.autoconfigure.web.servlet.MockMvcPrintOnlyOnFailureTestExecutionListener@5fbdfdcf, org.springframework.boot.test.autoconfigure.web.servlet.WebDriverTestExecutionListener@4efc180e]
23:07:03.842 [main] DEBUG org.springframework.test.context.support.AbstractDirtiesContextTestExecutionListener - Before test class: context [DefaultTestContext@f736069 testClass = DemoApplicationTests, testInstance = [null], testMethod = [null], testException = [null], mergedContextConfiguration = [WebMergedContextConfiguration@6da21078 testClass = DemoApplicationTests, locations = '{}', classes = '{class com.example.bddspring1581634287.DemoApplication}', contextInitializerClasses = '[]', activeProfiles = '{}', propertySourceLocations = '{}', propertySourceProperties = '{org.springframework.boot.test.context.SpringBootTestContextBootstrapper=true}', contextCustomizers = set[org.springframework.boot.test.context.filter.ExcludeFilterContextCustomizer@163e4e87, org.springframework.boot.test.json.DuplicateJsonObjectContextCustomizerFactory$DuplicateJsonObjectContextCustomizer@12b0404f, org.springframework.boot.test.mock.mockito.MockitoContextCustomizer@0, org.springframework.boot.test.web.client.TestRestTemplateContextCustomizer@5ccddd20, org.springframework.boot.test.autoconfigure.properties.PropertyMappingContextCustomizer@0, org.springframework.boot.test.autoconfigure.web.servlet.WebDriverContextCustomizerFactory$Customizer@2f7c2f4f], resourceBasePath = 'src/main/webapp', contextLoader = 'org.springframework.boot.test.context.SpringBootContextLoader', parent = [null]], attributes = map['org.springframework.test.context.web.ServletTestExecutionListener.activateListener' -> true]], class annotated with @DirtiesContext [false] with mode [null].
23:07:03.954 [main] DEBUG org.springframework.test.context.support.TestPropertySourceUtils - Adding inlined properties to environment: {spring.jmx.enabled=false, org.springframework.boot.test.context.SpringBootTestContextBootstrapper=true, server.port=-1}

  .   ____          _            __ _ _
 /\\ / ___'_ __ _ _(_)_ __  __ _ \ \ \ \
( ( )\___ | '_ | '_| | '_ \/ _` | \ \ \ \
 \\/  ___)| |_)| | | | | || (_| |  ) ) ) )
  '  |____| .__|_| |_|_| |_\__, | / / / /
 =========|_|==============|___/=/_/_/_/
 :: Spring Boot ::        (v2.2.4.RELEASE)

2020-02-13 23:07:04.722  INFO 62 --- [           main] c.e.b.DemoApplicationTests               : Starting DemoApplicationTests on cb-kubecd-bdd-spring-1581634287-b7lkp-1-from-build-pack-ghbng-p with PID 62 (started by root in /workspace/source)
2020-02-13 23:07:04.733  INFO 62 --- [           main] c.e.b.DemoApplicationTests               : No active profile set, falling back to default profiles: default
2020-02-13 23:07:12.627  INFO 62 --- [           main] o.s.s.concurrent.ThreadPoolTaskExecutor  : Initializing ExecutorService 'applicationTaskExecutor'
2020-02-13 23:07:14.913  INFO 62 --- [           main] o.s.b.a.e.web.EndpointLinksResolver      : Exposing 2 endpoint(s) beneath base path '/actuator'
2020-02-13 23:07:15.137  INFO 62 --- [           main] c.e.b.DemoApplicationTests               : Started DemoApplicationTests in 11.114 seconds (JVM running for 14.106)
[INFO] Tests run: 1, Failures: 0, Errors: 0, Skipped: 0, Time elapsed: 13.203 s - in com.example.bddspring1581634287.DemoApplicationTests
2020-02-13 23:07:16.055  INFO 62 --- [extShutdownHook] o.s.s.concurrent.ThreadPoolTaskExecutor  : Shutting down ExecutorService 'applicationTaskExecutor'
[INFO] 
[INFO] Results:
[INFO] 
[INFO] Tests run: 1, Failures: 0, Errors: 0, Skipped: 0
[INFO] 
[INFO] 
[INFO] --- maven-jar-plugin:3.1.2:jar (default-jar) @ bdd-spring-1581634287 ---
[INFO] Building jar: /workspace/source/target/bdd-spring-1581634287-0.0.0-SNAPSHOT-PR-1-1.jar
[INFO] 
[INFO] --- spring-boot-maven-plugin:2.2.4.RELEASE:repackage (repackage) @ bdd-spring-1581634287 ---
[INFO] Replacing main artifact with repackaged archive
[INFO] 
[INFO] --- maven-install-plugin:2.5.2:install (default-install) @ bdd-spring-1581634287 ---
[INFO] Installing /workspace/source/target/bdd-spring-1581634287-0.0.0-SNAPSHOT-PR-1-1.jar to /home/jenkins/.mvnrepository/com/example/bdd-spring-1581634287/0.0.0-SNAPSHOT-PR-1-1/bdd-spring-1581634287-0.0.0-SNAPSHOT-PR-1-1.jar
[INFO] Installing /workspace/source/pom.xml to /home/jenkins/.mvnrepository/com/example/bdd-spring-1581634287/0.0.0-SNAPSHOT-PR-1-1/bdd-spring-1581634287-0.0.0-SNAPSHOT-PR-1-1.pom
[INFO] ------------------------------------------------------------------------
[INFO] BUILD SUCCESS
[INFO] ------------------------------------------------------------------------
[INFO] Total time:  38.270 s
[INFO] Finished at: 2020-02-13T23:07:21Z
[INFO] ------------------------------------------------------------------------

Showing logs for build [32mcb-kubecd-bdd-spring-1581634287-b7lkp-1[0m stage [32mfrom-build-pack[0m and container [32mstep-build-skaffold-version[0m
v1.0.1

Showing logs for build [32mcb-kubecd-bdd-spring-1581634287-b7lkp-1[0m stage [32mfrom-build-pack[0m and container [32mstep-build-container-build[0m
[36mINFO[0m[0000] Downloading base image openjdk:8-jdk-slim    
ERROR: logging before flag.Parse: E0213 23:07:24.322263      10 metadata.go:159] while reading 'google-dockercfg-url' metadata: http status code: 404 while fetching url http://metadata.google.internal./computeMetadata/v1/instance/attributes/google-dockercfg-url
ERROR: logging before flag.Parse: E0213 23:07:24.328458      10 metadata.go:142] while reading 'google-dockercfg' metadata: http status code: 404 while fetching url http://metadata.google.internal./computeMetadata/v1/instance/attributes/google-dockercfg
2020/02/13 23:07:24 No matching credentials were found, falling back on anonymous
[36mINFO[0m[0001] Error while retrieving image from cache: getting file info: stat /workspace/sha256:f3866dd8be6d27d0e09ed483cf0ffb3b3c21e76ccd766b3a4b629a43cae9c94c: no such file or directory 
[36mINFO[0m[0001] Downloading base image openjdk:8-jdk-slim    
2020/02/13 23:07:25 No matching credentials were found, falling back on anonymous
[36mINFO[0m[0002] cmd: EXPOSE                                  
[36mINFO[0m[0002] Adding exposed port: 8080/tcp                
[36mINFO[0m[0002] Using files from context: [/workspace/source/pom.xml] 
[36mINFO[0m[0002] Using files from context: [/workspace/source/target/bdd-spring-1581634287-0.0.0-SNAPSHOT-PR-1-1.jar] 
[36mINFO[0m[0002] Skipping unpacking as no commands require it. 
[36mINFO[0m[0002] Taking snapshot of full filesystem...        
[36mINFO[0m[0002] ENV PORT 8080                                
[36mINFO[0m[0002] No files changed in this command, skipping snapshotting. 
[36mINFO[0m[0002] ENV CLASSPATH /opt/lib                       
[36mINFO[0m[0002] No files changed in this command, skipping snapshotting. 
[36mINFO[0m[0002] EXPOSE 8080                                  
[36mINFO[0m[0002] cmd: EXPOSE                                  
[36mINFO[0m[0002] Adding exposed port: 8080/tcp                
[36mINFO[0m[0002] No files changed in this command, skipping snapshotting. 
[36mINFO[0m[0002] Using files from context: [/workspace/source/pom.xml] 
[36mINFO[0m[0002] COPY pom.xml target/lib* /opt/lib/           
[36mINFO[0m[0002] Taking snapshot of files...                  
[36mINFO[0m[0002] Using files from context: [/workspace/source/target/bdd-spring-1581634287-0.0.0-SNAPSHOT-PR-1-1.jar] 
[36mINFO[0m[0002] COPY target/*.jar /opt/app.jar               
[36mINFO[0m[0002] Taking snapshot of files...                  
[36mINFO[0m[0002] WORKDIR /opt                                 
[36mINFO[0m[0002] cmd: workdir                                 
[36mINFO[0m[0002] Changed working directory to /opt            
[36mINFO[0m[0002] No files changed in this command, skipping snapshotting. 
[36mINFO[0m[0002] CMD ["java", "-XX:+UnlockExperimentalVMOptions", "-XX:+UseCGroupMemoryLimitForHeap", "-jar", "app.jar"] 
[36mINFO[0m[0002] No files changed in this command, skipping snapshotting. 
2020/02/13 23:07:27 existing blob: sha256:4836bf357bc05fde276db1412eb17d9c5ae12fc0751947bd3cbef5879f5ee955
2020/02/13 23:07:27 existing blob: sha256:d1d06863bb82bdc3f4cd17d49c0dee8720f91c4d9e40cce1b4a691f9459266be
2020/02/13 23:07:27 existing blob: sha256:bc51dd8edc1b1132bb97827ed6bd16aac332b03fb03d4c02d2088067a5fbb499
2020/02/13 23:07:27 existing blob: sha256:6dc6df7db36a5a1267aa98ac410ecdbf10e39333a934539ecbc78a1283016206
2020/02/13 23:07:30 pushed blob: sha256:827b7ce163955b728358622d48ed8174c8b0a419a59eaa0e36550c68ed715c30
2020/02/13 23:07:30 pushed blob: sha256:5a5d49330dcba5fce1c08e0a2d1d14e2932f26f0904b8e6a663f474ac14aed52
2020/02/13 23:07:32 pushed blob: sha256:701ba50da3034ae7ea9e9d516a79f11001841b345e97e071ebbd9a20d8fd33dd
2020/02/13 23:07:33 gcr.io/jenkins-x-bdd3/bdd-spring-1581634287:0.0.0-SNAPSHOT-PR-1-1: digest: sha256:4ed009ac78225c42dcc9fa6c9ec4c9c63ac487fd9fc193c328cdac9d1929e2e3 size: 1244

Showing logs for build [32mcb-kubecd-bdd-spring-1581634287-b7lkp-1[0m stage [32mfrom-build-pack[0m and container [32mstep-postbuild-post-build[0m
no CVE provider running in the current ** namespace so skip adding image to be analysed

Showing logs for build [32mcb-kubecd-bdd-spring-1581634287-b7lkp-1[0m stage [32mfrom-build-pack[0m and container [32mstep-promote-make-preview[0m
sed -i -e "s/version:.*/version: 0.0.0-SNAPSHOT-PR-1-1/" Chart.yaml
sed -i -e "s/version:.*/version: 0.0.0-SNAPSHOT-PR-1-1/" ../*/Chart.yaml
sed -i -e "s|repository:.*|repository: gcr.io\/jenkins-x-bdd3\/bdd-spring-1581634287|" values.yaml
sed -i -e "s/tag:.*/tag: 0.0.0-SNAPSHOT-PR-1-1/" values.yaml
echo "  version: 0.0.0-SNAPSHOT-PR-1-1" >> requirements.yaml
** step helm build
WARNING: No $CHART_REPOSITORY defined so using the default value of: http://jenkins-x-chartmuseum:8080
Adding missing Helm repo: storage.googleapis.com https://storage.googleapis.com/chartmuseum.jenkins-x.io
WARNING: No secrets found on "helm/repos" due: reading the secret "helm/repos" from vault: no secret "helm/repos" not found in vault
Read credentials for https://storage.googleapis.com/chartmuseum.jenkins-x.io from vault helm/repos
Successfully added Helm repository storage.googleapis.com.
Adding missing Helm repo: jenkins-x-chartmuseum http://jenkins-x-chartmuseum:8080
WARNING: No secrets found on "helm/repos" due: reading the secret "helm/repos" from vault: no secret "helm/repos" not found in vault
Read credentials for http://jenkins-x-chartmuseum:8080 from vault helm/repos
Successfully added Helm repository jenkins-x-chartmuseum.
WARNING: No $CHART_REPOSITORY defined so using the default value of: http://jenkins-x-chartmuseum:8080
Adding missing Helm repo: chartmuseum.jenkins-x.io http://chartmuseum.jenkins-x.io
WARNING: No secrets found on "helm/repos" due: reading the secret "helm/repos" from vault: no secret "helm/repos" not found in vault
Read credentials for http://chartmuseum.jenkins-x.io from vault helm/repos
Successfully added Helm repository chartmuseum.jenkins-x.io.

Showing logs for build [32mcb-kubecd-bdd-spring-1581634287-b7lkp-1[0m stage [32mfrom-build-pack[0m and container [32mstep-promote-jx-preview[0m
Creating a preview
Created environment cb-kubecd-bdd-spring-1581634287-pr-1
Namespace **-cb-kubecd-bdd-spring-1581634287-pr-1 created 
expose:
  Annotations:
    helm.sh/hook: post-install,post-upgrade
    helm.sh/hook-delete-policy: hook-succeeded
  config:
    domain: c**d10.bdd.jenkins-x.rocks
    exposer: Ingress
    http: "true"
preview:
  image:
    repository: gcr.io/jenkins-x-bdd3/bdd-spring-1581634287
    tag: 0.0.0-SNAPSHOT-PR-1-1

Updating PipelineActivities cb-kubecd-bdd-spring-1581634287-pr-1-1 which has status Running
WARNING: preview application http://bdd-spring-1581634287.**-cb-kubecd-bdd-spring-1581634287-pr-1.c**d10.bdd.jenkins-x.rocks not available, error was Get http://bdd-spring-1581634287.**-cb-kubecd-bdd-spring-1581634287-pr-1.c**d10.bdd.jenkins-x.rocks: dial tcp: lookup bdd-spring-1581634287.**-cb-kubecd-bdd-spring-1581634287-pr-1.c**d10.bdd.jenkins-x.rocks on 10.47.240.10:53: no such host, delaying for: 525.193959ms
WARNING: preview application http://bdd-spring-1581634287.**-cb-kubecd-bdd-spring-1581634287-pr-1.c**d10.bdd.jenkins-x.rocks not available, error was Get http://bdd-spring-1581634287.**-cb-kubecd-bdd-spring-1581634287-pr-1.c**d10.bdd.jenkins-x.rocks: dial tcp: lookup bdd-spring-1581634287.**-cb-kubecd-bdd-spring-1581634287-pr-1.c**d10.bdd.jenkins-x.rocks on 10.47.240.10:53: no such host, delaying for: 1.339876499s
WARNING: preview application http://bdd-spring-1581634287.**-cb-kubecd-bdd-spring-1581634287-pr-1.c**d10.bdd.jenkins-x.rocks not available, error was Get http://bdd-spring-1581634287.**-cb-kubecd-bdd-spring-1581634287-pr-1.c**d10.bdd.jenkins-x.rocks: dial tcp: lookup bdd-spring-1581634287.**-cb-kubecd-bdd-spring-1581634287-pr-1.c**d10.bdd.jenkins-x.rocks on 10.47.240.10:53: no such host, delaying for: 1.850874036s
WARNING: preview application http://bdd-spring-1581634287.**-cb-kubecd-bdd-spring-1581634287-pr-1.c**d10.bdd.jenkins-x.rocks not available, error was Get http://bdd-spring-1581634287.**-cb-kubecd-bdd-spring-1581634287-pr-1.c**d10.bdd.jenkins-x.rocks: dial tcp: lookup bdd-spring-1581634287.**-cb-kubecd-bdd-spring-1581634287-pr-1.c**d10.bdd.jenkins-x.rocks on 10.47.240.10:53: no such host, delaying for: 2.933252018s
WARNING: preview application http://bdd-spring-1581634287.**-cb-kubecd-bdd-spring-1581634287-pr-1.c**d10.bdd.jenkins-x.rocks not available, error was Get http://bdd-spring-1581634287.**-cb-kubecd-bdd-spring-1581634287-pr-1.c**d10.bdd.jenkins-x.rocks: dial tcp: lookup bdd-spring-1581634287.**-cb-kubecd-bdd-spring-1581634287-pr-1.c**d10.bdd.jenkins-x.rocks on 10.47.240.10:53: no such host, delaying for: 2.824501689s
WARNING: preview application http://bdd-spring-1581634287.**-cb-kubecd-bdd-spring-1581634287-pr-1.c**d10.bdd.jenkins-x.rocks not available, error was Get http://bdd-spring-1581634287.**-cb-kubecd-bdd-spring-1581634287-pr-1.c**d10.bdd.jenkins-x.rocks: dial tcp: lookup bdd-spring-1581634287.**-cb-kubecd-bdd-spring-1581634287-pr-1.c**d10.bdd.jenkins-x.rocks on 10.47.240.10:53: no such host, delaying for: 10.974447712s
WARNING: preview application http://bdd-spring-1581634287.**-cb-kubecd-bdd-spring-1581634287-pr-1.c**d10.bdd.jenkins-x.rocks not available, error was Get http://bdd-spring-1581634287.**-cb-kubecd-bdd-spring-1581634287-pr-1.c**d10.bdd.jenkins-x.rocks: dial tcp: lookup bdd-spring-1581634287.**-cb-kubecd-bdd-spring-1581634287-pr-1.c**d10.bdd.jenkins-x.rocks on 10.47.240.10:53: no such host, delaying for: 10.256486862s
WARNING: preview application http://bdd-spring-1581634287.**-cb-kubecd-bdd-spring-1581634287-pr-1.c**d10.bdd.jenkins-x.rocks not available, error was Get http://bdd-spring-1581634287.**-cb-kubecd-bdd-spring-1581634287-pr-1.c**d10.bdd.jenkins-x.rocks: dial tcp: lookup bdd-spring-1581634287.**-cb-kubecd-bdd-spring-1581634287-pr-1.c**d10.bdd.jenkins-x.rocks on 10.47.240.10:53: no such host, delaying for: 20.917101179s
WARNING: preview application http://bdd-spring-1581634287.**-cb-kubecd-bdd-spring-1581634287-pr-1.c**d10.bdd.jenkins-x.rocks not available, error was Get http://bdd-spring-1581634287.**-cb-kubecd-bdd-spring-1581634287-pr-1.c**d10.bdd.jenkins-x.rocks: dial tcp: lookup bdd-spring-1581634287.**-cb-kubecd-bdd-spring-1581634287-pr-1.c**d10.bdd.jenkins-x.rocks on 10.47.240.10:53: no such host, delaying for: 13.194462387s
WARNING: preview application http://bdd-spring-1581634287.**-cb-kubecd-bdd-spring-1581634287-pr-1.c**d10.bdd.jenkins-x.rocks not available, error was Get http://bdd-spring-1581634287.**-cb-kubecd-bdd-spring-1581634287-pr-1.c**d10.bdd.jenkins-x.rocks: dial tcp: lookup bdd-spring-1581634287.**-cb-kubecd-bdd-spring-1581634287-pr-1.c**d10.bdd.jenkins-x.rocks on 10.47.240.10:53: no such host, delaying for: 51.254294248s
WARNING: preview application http://bdd-spring-1581634287.**-cb-kubecd-bdd-spring-1581634287-pr-1.c**d10.bdd.jenkins-x.rocks not available, error was Get http://bdd-spring-1581634287.**-cb-kubecd-bdd-spring-1581634287-pr-1.c**d10.bdd.jenkins-x.rocks: dial tcp: lookup bdd-spring-1581634287.**-cb-kubecd-bdd-spring-1581634287-pr-1.c**d10.bdd.jenkins-x.rocks on 10.47.240.10:53: no such host, delaying for: 1m21.006476584s
Preview application is now available at: http://bdd-spring-1581634287.**-cb-kubecd-bdd-spring-1581634287-pr-1.c**d10.bdd.jenkins-x.rocks
